===============================================================
Gobuster v3.6
by OJ Reeves (@TheColonial) & Christian Mehlmauer (@firefart)
===============================================================
[+] Url:                     http://10.10.225.37
[+] Method:                  GET
[+] Threads:                 10
[+] Wordlist:                /usr/share/dirbuster/wordlists/directory-list-2.3-medium.txt
[+] Negative Status codes:   404
[+] User Agent:              gobuster/3.6
[+] Extensions:              html,js,css,py,php,sh,txt,cgi
[+] Timeout:                 10s
===============================================================
Starting gobuster in directory enumeration mode
===============================================================
[2K/.html                (Status: 403) [Size: 292]
[2K/.php                 (Status: 403) [Size: 291]
[2K/index.html           (Status: 200) [Size: 1062]
[2K/login.php            (Status: 200) [Size: 882]
[2K/assets               (Status: 301) [Size: 313] [--> http://10.10.225.37/assets/]
[2K/portal.php           (Status: 302) [Size: 0] [--> /login.php]
[2K/robots.txt           (Status: 200) [Size: 17]
